# JRE version: OpenJDK Runtime Environment Microsoft-7208460 (11.0.18+10) (build 11.0.18+10-LTS)
# Java VM: OpenJDK 64-Bit Server VM Microsoft-7208460 (11.0.18+10-LTS, mixed mode, tiered, compressed oops, g1 gc, windows-amd64)
Heap:
 garbage-first heap   total 334848K, used 177044K [0x0000000080000000, 0x0000000100000000)
  region size 1024K, 86 young (88064K), 3 survivors (3072K)
 Metaspace       used 90973K, capacity 93816K, committed 93992K, reserved 598016K
  class space    used 11662K, capacity 12780K, committed 12876K, reserved 516096K
GC Heap History (20 events):
Event: 378.558 GC heap before
{Heap before GC invocations=81 (full 0):
 garbage-first heap   total 334848K, used 264862K [0x0000000080000000, 0x0000000100000000)
  region size 1024K, 196 young (200704K), 16 survivors (16384K)
 Metaspace       used 80069K, capacity 82556K, committed 82856K, reserved 587776K
  class space    used 10334K, capacity 11346K, committed 11468K, reserved 516096K
}
Event: 378.629 GC heap after
{Heap after GC invocations=82 (full 0):
 garbage-first heap   total 334848K, used 87300K [0x0000000080000000, 0x0000000100000000)
  region size 1024K, 15 young (15360K), 15 survivors (15360K)
 Metaspace       used 80069K, capacity 82556K, committed 82856K, reserved 587776K
  class space    used 10334K, capacity 11346K, committed 11468K, reserved 516096K
}
Event: 382.245 GC heap before
{Heap before GC invocations=82 (full 0):
 garbage-first heap   total 334848K, used 272644K [0x0000000080000000, 0x0000000100000000)
  region size 1024K, 196 young (200704K), 15 survivors (15360K)
 Metaspace       used 80069K, capacity 82556K, committed 82856K, reserved 587776K
  class space    used 10334K, capacity 11346K, committed 11468K, reserved 516096K
}
Event: 382.292 GC heap after
{Heap after GC invocations=83 (full 0):
 garbage-first heap   total 334848K, used 89525K [0x0000000080000000, 0x0000000100000000)
  region size 1024K, 9 young (9216K), 9 survivors (9216K)
 Metaspace       used 80069K, capacity 82556K, committed 82856K, reserved 587776K
  class space    used 10334K, capacity 11346K, committed 11468K, reserved 516096K
}
Event: 498.175 GC heap before
{Heap before GC invocations=83 (full 0):
 garbage-first heap   total 334848K, used 277941K [0x0000000080000000, 0x0000000100000000)
  region size 1024K, 194 young (198656K), 9 survivors (9216K)
 Metaspace       used 90576K, capacity 93418K, committed 93736K, reserved 598016K
  class space    used 11644K, capacity 12779K, committed 12876K, reserved 516096K
}
Event: 498.479 GC heap after
{Heap after GC invocations=84 (full 0):
 garbage-first heap   total 334848K, used 87932K [0x0000000080000000, 0x0000000100000000)
  region size 1024K, 11 young (11264K), 11 survivors (11264K)
 Metaspace       used 90576K, capacity 93418K, committed 93736K, reserved 598016K
  class space    used 11644K, capacity 12779K, committed 12876K, reserved 516096K
}
Event: 509.271 GC heap before
{Heap before GC invocations=84 (full 0):
 garbage-first heap   total 334848K, used 132988K [0x0000000080000000, 0x0000000100000000)
  region size 1024K, 56 young (57344K), 11 survivors (11264K)
 Metaspace       used 90748K, capacity 93618K, committed 93736K, reserved 598016K
  class space    used 11646K, capacity 12780K, committed 12876K, reserved 516096K
}
Event: 509.369 GC heap after
{Heap after GC invocations=85 (full 0):
 garbage-first heap   total 334848K, used 88656K [0x0000000080000000, 0x0000000100000000)
  region size 1024K, 2 young (2048K), 2 survivors (2048K)
 Metaspace       used 90748K, capacity 93618K, committed 93736K, reserved 598016K
  class space    used 11646K, capacity 12780K, committed 12876K, reserved 516096K
}
Event: 521.563 GC heap before
{Heap before GC invocations=85 (full 0):
 garbage-first heap   total 334848K, used 283216K [0x0000000080000000, 0x0000000100000000)
  region size 1024K, 191 young (195584K), 2 survivors (2048K)
 Metaspace       used 90965K, capacity 93816K, committed 93992K, reserved 598016K
  class space    used 11662K, capacity 12780K, committed 12876K, reserved 516096K
}
Event: 521.641 GC heap after
{Heap after GC invocations=86 (full 0):
 garbage-first heap   total 334848K, used 91003K [0x0000000080000000, 0x0000000100000000)
  region size 1024K, 4 young (4096K), 4 survivors (4096K)
 Metaspace       used 90965K, capacity 93816K, committed 93992K, reserved 598016K
  class space    used 11662K, capacity 12780K, committed 12876K, reserved 516096K
}
Event: 528.742 GC heap before
{Heap before GC invocations=86 (full 0):
 garbage-first heap   total 334848K, used 283515K [0x0000000080000000, 0x0000000100000000)
  region size 1024K, 192 young (196608K), 4 survivors (4096K)
 Metaspace       used 90971K, capacity 93816K, committed 93992K, reserved 598016K
  class space    used 11662K, capacity 12780K, committed 12876K, reserved 516096K
}
Event: 529.051 GC heap after
{Heap after GC invocations=87 (full 0):
 garbage-first heap   total 334848K, used 90925K [0x0000000080000000, 0x0000000100000000)
  region size 1024K, 4 young (4096K), 4 survivors (4096K)
 Metaspace       used 90971K, capacity 93816K, committed 93992K, reserved 598016K
  class space    used 11662K, capacity 12780K, committed 12876K, reserved 516096K
}
Event: 529.244 GC heap before
{Heap before GC invocations=87 (full 0):
 garbage-first heap   total 334848K, used 102189K [0x0000000080000000, 0x0000000100000000)
  region size 1024K, 16 young (16384K), 4 survivors (4096K)
 Metaspace       used 90971K, capacity 93816K, committed 93992K, reserved 598016K
  class space    used 11662K, capacity 12780K, committed 12876K, reserved 516096K
}
Event: 529.257 GC heap after
{Heap after GC invocations=88 (full 0):
 garbage-first heap   total 334848K, used 91334K [0x0000000080000000, 0x0000000100000000)
  region size 1024K, 1 young (1024K), 1 survivors (1024K)
 Metaspace       used 90971K, capacity 93816K, committed 93992K, reserved 598016K
  class space    used 11662K, capacity 12780K, committed 12876K, reserved 516096K
}
Event: 529.526 GC heap before
{Heap before GC invocations=88 (full 0):
 garbage-first heap   total 334848K, used 106694K [0x0000000080000000, 0x0000000100000000)
  region size 1024K, 16 young (16384K), 1 survivors (1024K)
 Metaspace       used 90971K, capacity 93816K, committed 93992K, reserved 598016K
  class space    used 11662K, capacity 12780K, committed 12876K, reserved 516096K
}
Event: 529.530 GC heap after
{Heap after GC invocations=89 (full 0):
 garbage-first heap   total 334848K, used 91121K [0x0000000080000000, 0x0000000100000000)
  region size 1024K, 1 young (1024K), 1 survivors (1024K)
 Metaspace       used 90971K, capacity 93816K, committed 93992K, reserved 598016K
  class space    used 11662K, capacity 12780K, committed 12876K, reserved 516096K
}
Event: 530.673 GC heap before
{Heap before GC invocations=89 (full 0):
 garbage-first heap   total 334848K, used 184305K [0x0000000080000000, 0x0000000100000000)
  region size 1024K, 93 young (95232K), 1 survivors (1024K)
 Metaspace       used 90971K, capacity 93816K, committed 93992K, reserved 598016K
  class space    used 11662K, capacity 12780K, committed 12876K, reserved 516096K
}
Event: 530.687 GC heap after
{Heap after GC invocations=90 (full 0):
 garbage-first heap   total 334848K, used 92061K [0x0000000080000000, 0x0000000100000000)
  region size 1024K, 2 young (2048K), 2 survivors (2048K)
 Metaspace       used 90971K, capacity 93816K, committed 93992K, reserved 598016K
  class space    used 11662K, capacity 12780K, committed 12876K, reserved 516096K
}
Event: 533.870 GC heap before
{Heap before GC invocations=90 (full 0):
 garbage-first heap   total 334848K, used 258973K [0x0000000080000000, 0x0000000100000000)
  region size 1024K, 164 young (167936K), 2 survivors (2048K)
 Metaspace       used 90972K, capacity 93816K, committed 93992K, reserved 598016K
  class space    used 11662K, capacity 12780K, committed 12876K, reserved 516096K
}
Event: 533.878 GC heap after
{Heap after GC invocations=91 (full 0):
 garbage-first heap   total 334848K, used 94100K [0x0000000080000000, 0x0000000100000000)
  region size 1024K, 3 young (3072K), 3 survivors (3072K)
 Metaspace       used 90972K, capacity 93816K, committed 93992K, reserved 598016K
  class space    used 11662K, capacity 12780K, committed 12876K, reserved 516096K
}

