# JRE version: OpenJDK Runtime Environment Microsoft-7208460 (11.0.18+10) (build 11.0.18+10-LTS)
# Java VM: OpenJDK 64-Bit Server VM Microsoft-7208460 (11.0.18+10-LTS, mixed mode, tiered, compressed oops, g1 gc, windows-amd64)
Heap:
 garbage-first heap   total 63488K, used 33479K [0x0000000080000000, 0x0000000100000000)
  region size 1024K, 6 young (6144K), 2 survivors (2048K)
 Metaspace       used 41491K, capacity 42645K, committed 42908K, reserved 555008K
  class space    used 5218K, capacity 5636K, committed 5708K, reserved 516096K
GC Heap History (20 events):
Event: 10.923 GC heap before
{Heap before GC invocations=3 (full 0):
 garbage-first heap   total 63488K, used 43941K [0x0000000080000000, 0x0000000100000000)
  region size 1024K, 32 young (32768K), 5 survivors (5120K)
 Metaspace       used 20079K, capacity 20551K, committed 20736K, reserved 534528K
  class space    used 2376K, capacity 2543K, committed 2560K, reserved 516096K
}
Event: 10.933 GC heap after
{Heap after GC invocations=4 (full 0):
 garbage-first heap   total 63488K, used 18333K [0x0000000080000000, 0x0000000100000000)
  region size 1024K, 2 young (2048K), 2 survivors (2048K)
 Metaspace       used 20079K, capacity 20551K, committed 20736K, reserved 534528K
  class space    used 2376K, capacity 2543K, committed 2560K, reserved 516096K
}
Event: 11.329 GC heap before
{Heap before GC invocations=4 (full 0):
 garbage-first heap   total 63488K, used 26525K [0x0000000080000000, 0x0000000100000000)
  region size 1024K, 11 young (11264K), 2 survivors (2048K)
 Metaspace       used 20793K, capacity 21192K, committed 21296K, reserved 536576K
  class space    used 2489K, capacity 2652K, committed 2688K, reserved 516096K
}
Event: 11.335 GC heap after
{Heap after GC invocations=5 (full 0):
 garbage-first heap   total 63488K, used 18625K [0x0000000080000000, 0x0000000100000000)
  region size 1024K, 2 young (2048K), 2 survivors (2048K)
 Metaspace       used 20793K, capacity 21192K, committed 21296K, reserved 536576K
  class space    used 2489K, capacity 2652K, committed 2688K, reserved 516096K
}
Event: 13.324 GC heap before
{Heap before GC invocations=6 (full 0):
 garbage-first heap   total 63488K, used 43201K [0x0000000080000000, 0x0000000100000000)
  region size 1024K, 26 young (26624K), 2 survivors (2048K)
 Metaspace       used 23464K, capacity 24016K, committed 24368K, reserved 538624K
  class space    used 2910K, capacity 3106K, committed 3200K, reserved 516096K
}
Event: 13.330 GC heap after
{Heap after GC invocations=7 (full 0):
 garbage-first heap   total 63488K, used 19336K [0x0000000080000000, 0x0000000100000000)
  region size 1024K, 3 young (3072K), 3 survivors (3072K)
 Metaspace       used 23464K, capacity 24016K, committed 24368K, reserved 538624K
  class space    used 2910K, capacity 3106K, committed 3200K, reserved 516096K
}
Event: 14.647 GC heap before
{Heap before GC invocations=7 (full 0):
 garbage-first heap   total 63488K, used 43912K [0x0000000080000000, 0x0000000100000000)
  region size 1024K, 27 young (27648K), 3 survivors (3072K)
 Metaspace       used 25256K, capacity 25910K, committed 26160K, reserved 540672K
  class space    used 3202K, capacity 3418K, committed 3456K, reserved 516096K
}
Event: 14.659 GC heap after
{Heap after GC invocations=8 (full 0):
 garbage-first heap   total 63488K, used 20258K [0x0000000080000000, 0x0000000100000000)
  region size 1024K, 3 young (3072K), 3 survivors (3072K)
 Metaspace       used 25256K, capacity 25910K, committed 26160K, reserved 540672K
  class space    used 3202K, capacity 3418K, committed 3456K, reserved 516096K
}
Event: 16.397 GC heap before
{Heap before GC invocations=8 (full 0):
 garbage-first heap   total 63488K, used 44834K [0x0000000080000000, 0x0000000100000000)
  region size 1024K, 28 young (28672K), 3 survivors (3072K)
 Metaspace       used 27857K, capacity 28546K, committed 28720K, reserved 542720K
  class space    used 3601K, capacity 3876K, committed 3968K, reserved 516096K
}
Event: 16.405 GC heap after
{Heap after GC invocations=9 (full 0):
 garbage-first heap   total 63488K, used 21055K [0x0000000080000000, 0x0000000100000000)
  region size 1024K, 3 young (3072K), 3 survivors (3072K)
 Metaspace       used 27857K, capacity 28546K, committed 28720K, reserved 542720K
  class space    used 3601K, capacity 3876K, committed 3968K, reserved 516096K
}
Event: 18.213 GC heap before
{Heap before GC invocations=9 (full 0):
 garbage-first heap   total 63488K, used 46655K [0x0000000080000000, 0x0000000100000000)
  region size 1024K, 28 young (28672K), 3 survivors (3072K)
 Metaspace       used 30155K, capacity 30966K, committed 31152K, reserved 544768K
  class space    used 3957K, capacity 4279K, committed 4352K, reserved 516096K
}
Event: 18.220 GC heap after
{Heap after GC invocations=10 (full 0):
 garbage-first heap   total 63488K, used 21928K [0x0000000080000000, 0x0000000100000000)
  region size 1024K, 3 young (3072K), 3 survivors (3072K)
 Metaspace       used 30155K, capacity 30966K, committed 31152K, reserved 544768K
  class space    used 3957K, capacity 4279K, committed 4352K, reserved 516096K
}
Event: 20.333 GC heap before
{Heap before GC invocations=10 (full 0):
 garbage-first heap   total 63488K, used 45480K [0x0000000080000000, 0x0000000100000000)
  region size 1024K, 28 young (28672K), 3 survivors (3072K)
 Metaspace       used 35017K, capacity 35823K, committed 35920K, reserved 548864K
  class space    used 4474K, capacity 4814K, committed 4864K, reserved 516096K
}
Event: 20.351 GC heap after
{Heap after GC invocations=11 (full 0):
 garbage-first heap   total 63488K, used 24027K [0x0000000080000000, 0x0000000100000000)
  region size 1024K, 4 young (4096K), 4 survivors (4096K)
 Metaspace       used 35017K, capacity 35823K, committed 35920K, reserved 548864K
  class space    used 4474K, capacity 4814K, committed 4864K, reserved 516096K
}
Event: 21.902 GC heap before
{Heap before GC invocations=12 (full 0):
 garbage-first heap   total 63488K, used 47579K [0x0000000080000000, 0x0000000100000000)
  region size 1024K, 28 young (28672K), 4 survivors (4096K)
 Metaspace       used 37942K, capacity 38835K, committed 39068K, reserved 550912K
  class space    used 4808K, capacity 5156K, committed 5196K, reserved 516096K
}
Event: 21.930 GC heap after
{Heap after GC invocations=13 (full 0):
 garbage-first heap   total 63488K, used 27096K [0x0000000080000000, 0x0000000100000000)
  region size 1024K, 4 young (4096K), 4 survivors (4096K)
 Metaspace       used 37942K, capacity 38835K, committed 39068K, reserved 550912K
  class space    used 4808K, capacity 5156K, committed 5196K, reserved 516096K
}
Event: 23.365 GC heap before
{Heap before GC invocations=14 (full 0):
 garbage-first heap   total 63488K, used 51672K [0x0000000080000000, 0x0000000100000000)
  region size 1024K, 26 young (26624K), 4 survivors (4096K)
 Metaspace       used 40554K, capacity 41500K, committed 41756K, reserved 552960K
  class space    used 5076K, capacity 5466K, committed 5580K, reserved 516096K
}
Event: 23.377 GC heap after
{Heap after GC invocations=15 (full 0):
 garbage-first heap   total 63488K, used 28521K [0x0000000080000000, 0x0000000100000000)
  region size 1024K, 2 young (2048K), 2 survivors (2048K)
 Metaspace       used 40554K, capacity 41500K, committed 41756K, reserved 552960K
  class space    used 5076K, capacity 5466K, committed 5580K, reserved 516096K
}
Event: 28.049 GC heap before
{Heap before GC invocations=15 (full 0):
 garbage-first heap   total 63488K, used 50025K [0x0000000080000000, 0x0000000100000000)
  region size 1024K, 23 young (23552K), 2 survivors (2048K)
 Metaspace       used 41357K, capacity 42557K, committed 42652K, reserved 555008K
  class space    used 5200K, capacity 5628K, committed 5708K, reserved 516096K
}
Event: 28.057 GC heap after
{Heap after GC invocations=16 (full 0):
 garbage-first heap   total 63488K, used 30407K [0x0000000080000000, 0x0000000100000000)
  region size 1024K, 2 young (2048K), 2 survivors (2048K)
 Metaspace       used 41357K, capacity 42557K, committed 42652K, reserved 555008K
  class space    used 5200K, capacity 5628K, committed 5708K, reserved 516096K
}

