# JRE version: OpenJDK Runtime Environment Microsoft-7208460 (11.0.18+10) (build 11.0.18+10-LTS)
# Java VM: OpenJDK 64-Bit Server VM Microsoft-7208460 (11.0.18+10-LTS, mixed mode, tiered, compressed oops, g1 gc, windows-amd64)
Heap:
 garbage-first heap   total 63488K, used 40487K [0x0000000080000000, 0x0000000100000000)
  region size 1024K, 14 young (14336K), 1 survivors (1024K)
 Metaspace       used 41452K, capacity 42627K, committed 42832K, reserved 555008K
  class space    used 5212K, capacity 5629K, committed 5632K, reserved 516096K
GC Heap History (20 events):
Event: 15.986 GC heap before
{Heap before GC invocations=7 (full 0):
 garbage-first heap   total 63488K, used 39924K [0x0000000080000000, 0x0000000100000000)
  region size 1024K, 23 young (23552K), 2 survivors (2048K)
 Metaspace       used 23303K, capacity 23892K, committed 24112K, reserved 538624K
  class space    used 2882K, capacity 3106K, committed 3200K, reserved 516096K
}
Event: 15.991 GC heap after
{Heap after GC invocations=8 (full 0):
 garbage-first heap   total 63488K, used 19080K [0x0000000080000000, 0x0000000100000000)
  region size 1024K, 3 young (3072K), 3 survivors (3072K)
 Metaspace       used 23303K, capacity 23892K, committed 24112K, reserved 538624K
  class space    used 2882K, capacity 3106K, committed 3200K, reserved 516096K
}
Event: 16.523 GC heap before
{Heap before GC invocations=8 (full 0):
 garbage-first heap   total 63488K, used 40584K [0x0000000080000000, 0x0000000100000000)
  region size 1024K, 25 young (25600K), 3 survivors (3072K)
 Metaspace       used 24629K, capacity 25163K, committed 25264K, reserved 538624K
  class space    used 3110K, capacity 3316K, committed 3328K, reserved 516096K
}
Event: 16.529 GC heap after
{Heap after GC invocations=9 (full 0):
 garbage-first heap   total 63488K, used 19870K [0x0000000080000000, 0x0000000100000000)
  region size 1024K, 3 young (3072K), 3 survivors (3072K)
 Metaspace       used 24629K, capacity 25163K, committed 25264K, reserved 538624K
  class space    used 3110K, capacity 3316K, committed 3328K, reserved 516096K
}
Event: 17.554 GC heap before
{Heap before GC invocations=9 (full 0):
 garbage-first heap   total 63488K, used 43422K [0x0000000080000000, 0x0000000100000000)
  region size 1024K, 26 young (26624K), 3 survivors (3072K)
 Metaspace       used 27393K, capacity 28053K, committed 28336K, reserved 540672K
  class space    used 3532K, capacity 3774K, committed 3840K, reserved 516096K
}
Event: 17.562 GC heap after
{Heap after GC invocations=10 (full 0):
 garbage-first heap   total 63488K, used 20876K [0x0000000080000000, 0x0000000100000000)
  region size 1024K, 3 young (3072K), 3 survivors (3072K)
 Metaspace       used 27393K, capacity 28053K, committed 28336K, reserved 540672K
  class space    used 3532K, capacity 3774K, committed 3840K, reserved 516096K
}
Event: 19.381 GC heap before
{Heap before GC invocations=10 (full 0):
 garbage-first heap   total 63488K, used 44428K [0x0000000080000000, 0x0000000100000000)
  region size 1024K, 26 young (26624K), 3 survivors (3072K)
 Metaspace       used 29330K, capacity 30043K, committed 30256K, reserved 542720K
  class space    used 3838K, capacity 4141K, committed 4224K, reserved 516096K
}
Event: 19.393 GC heap after
{Heap after GC invocations=11 (full 0):
 garbage-first heap   total 63488K, used 21502K [0x0000000080000000, 0x0000000100000000)
  region size 1024K, 3 young (3072K), 3 survivors (3072K)
 Metaspace       used 29330K, capacity 30043K, committed 30256K, reserved 542720K
  class space    used 3838K, capacity 4141K, committed 4224K, reserved 516096K
}
Event: 20.598 GC heap before
{Heap before GC invocations=11 (full 0):
 garbage-first heap   total 63488K, used 46078K [0x0000000080000000, 0x0000000100000000)
  region size 1024K, 27 young (27648K), 3 survivors (3072K)
 Metaspace       used 32041K, capacity 32846K, committed 32944K, reserved 544768K
  class space    used 4221K, capacity 4543K, committed 4608K, reserved 516096K
}
Event: 20.606 GC heap after
{Heap after GC invocations=12 (full 0):
 garbage-first heap   total 63488K, used 22251K [0x0000000080000000, 0x0000000100000000)
  region size 1024K, 3 young (3072K), 3 survivors (3072K)
 Metaspace       used 32041K, capacity 32846K, committed 32944K, reserved 544768K
  class space    used 4221K, capacity 4543K, committed 4608K, reserved 516096K
}
Event: 21.478 GC heap before
{Heap before GC invocations=12 (full 0):
 garbage-first heap   total 63488K, used 30443K [0x0000000080000000, 0x0000000100000000)
  region size 1024K, 13 young (13312K), 3 survivors (3072K)
 Metaspace       used 34981K, capacity 35827K, committed 35920K, reserved 548864K
  class space    used 4478K, capacity 4814K, committed 4864K, reserved 516096K
}
Event: 21.495 GC heap after
{Heap after GC invocations=13 (full 0):
 garbage-first heap   total 63488K, used 23704K [0x0000000080000000, 0x0000000100000000)
  region size 1024K, 3 young (3072K), 3 survivors (3072K)
 Metaspace       used 34981K, capacity 35827K, committed 35920K, reserved 548864K
  class space    used 4478K, capacity 4814K, committed 4864K, reserved 516096K
}
Event: 22.455 GC heap before
{Heap before GC invocations=14 (full 0):
 garbage-first heap   total 63488K, used 45208K [0x0000000080000000, 0x0000000100000000)
  region size 1024K, 25 young (25600K), 3 survivors (3072K)
 Metaspace       used 37866K, capacity 38840K, committed 39120K, reserved 550912K
  class space    used 4801K, capacity 5156K, committed 5248K, reserved 516096K
}
Event: 22.474 GC heap after
{Heap after GC invocations=15 (full 0):
 garbage-first heap   total 63488K, used 27096K [0x0000000080000000, 0x0000000100000000)
  region size 1024K, 4 young (4096K), 4 survivors (4096K)
 Metaspace       used 37866K, capacity 38840K, committed 39120K, reserved 550912K
  class space    used 4801K, capacity 5156K, committed 5248K, reserved 516096K
}
Event: 23.382 GC heap before
{Heap before GC invocations=16 (full 0):
 garbage-first heap   total 63488K, used 47576K [0x0000000080000000, 0x0000000100000000)
  region size 1024K, 24 young (24576K), 4 survivors (4096K)
 Metaspace       used 39447K, capacity 40440K, committed 40656K, reserved 552960K
  class space    used 5023K, capacity 5390K, committed 5504K, reserved 516096K
}
Event: 23.394 GC heap after
{Heap after GC invocations=17 (full 0):
 garbage-first heap   total 63488K, used 28363K [0x0000000080000000, 0x0000000100000000)
  region size 1024K, 2 young (2048K), 2 survivors (2048K)
 Metaspace       used 39447K, capacity 40440K, committed 40656K, reserved 552960K
  class space    used 5023K, capacity 5390K, committed 5504K, reserved 516096K
}
Event: 23.408 GC heap before
{Heap before GC invocations=17 (full 0):
 garbage-first heap   total 63488K, used 29387K [0x0000000080000000, 0x0000000100000000)
  region size 1024K, 4 young (4096K), 2 survivors (2048K)
 Metaspace       used 39488K, capacity 40504K, committed 40656K, reserved 552960K
  class space    used 5024K, capacity 5390K, committed 5504K, reserved 516096K
}
Event: 23.413 GC heap after
{Heap after GC invocations=18 (full 0):
 garbage-first heap   total 63488K, used 29645K [0x0000000080000000, 0x0000000100000000)
  region size 1024K, 1 young (1024K), 1 survivors (1024K)
 Metaspace       used 39488K, capacity 40504K, committed 40656K, reserved 552960K
  class space    used 5024K, capacity 5390K, committed 5504K, reserved 516096K
}
Event: 24.076 GC heap before
{Heap before GC invocations=19 (full 0):
 garbage-first heap   total 63488K, used 46029K [0x0000000080000000, 0x0000000100000000)
  region size 1024K, 15 young (15360K), 1 survivors (1024K)
 Metaspace       used 40781K, capacity 41832K, committed 42064K, reserved 552960K
  class space    used 5123K, capacity 5532K, committed 5632K, reserved 516096K
}
Event: 24.080 GC heap after
{Heap after GC invocations=20 (full 0):
 garbage-first heap   total 63488K, used 29223K [0x0000000080000000, 0x0000000100000000)
  region size 1024K, 1 young (1024K), 1 survivors (1024K)
 Metaspace       used 40781K, capacity 41832K, committed 42064K, reserved 552960K
  class space    used 5123K, capacity 5532K, committed 5632K, reserved 516096K
}

