# JRE version: OpenJDK Runtime Environment Microsoft-7208460 (11.0.18+10) (build 11.0.18+10-LTS)
# Java VM: OpenJDK 64-Bit Server VM Microsoft-7208460 (11.0.18+10-LTS, mixed mode, tiered, compressed oops, g1 gc, windows-amd64)
Heap:
 garbage-first heap   total 63488K, used 48472K [0x0000000080000000, 0x0000000100000000)
  region size 1024K, 23 young (23552K), 2 survivors (2048K)
 Metaspace       used 41136K, capacity 42224K, committed 42320K, reserved 552960K
  class space    used 5160K, capacity 5559K, committed 5632K, reserved 516096K
GC Heap History (20 events):
Event: 8.318 GC heap before
{Heap before GC invocations=2 (full 0):
 garbage-first heap   total 63488K, used 43664K [0x0000000080000000, 0x0000000100000000)
  region size 1024K, 36 young (36864K), 5 survivors (5120K)
 Metaspace       used 14405K, capacity 14785K, committed 15104K, reserved 530432K
  class space    used 1584K, capacity 1719K, committed 1792K, reserved 516096K
}
Event: 8.358 GC heap after
{Heap after GC invocations=3 (full 0):
 garbage-first heap   total 63488K, used 16022K [0x0000000080000000, 0x0000000100000000)
  region size 1024K, 5 young (5120K), 5 survivors (5120K)
 Metaspace       used 14405K, capacity 14785K, committed 15104K, reserved 530432K
  class space    used 1584K, capacity 1719K, committed 1792K, reserved 516096K
}
Event: 12.047 GC heap before
{Heap before GC invocations=3 (full 0):
 garbage-first heap   total 63488K, used 43670K [0x0000000080000000, 0x0000000100000000)
  region size 1024K, 32 young (32768K), 5 survivors (5120K)
 Metaspace       used 20124K, capacity 20587K, committed 20864K, reserved 534528K
  class space    used 2392K, capacity 2575K, committed 2688K, reserved 516096K
}
Event: 12.057 GC heap after
{Heap after GC invocations=4 (full 0):
 garbage-first heap   total 63488K, used 17945K [0x0000000080000000, 0x0000000100000000)
  region size 1024K, 2 young (2048K), 2 survivors (2048K)
 Metaspace       used 20124K, capacity 20587K, committed 20864K, reserved 534528K
  class space    used 2392K, capacity 2575K, committed 2688K, reserved 516096K
}
Event: 12.271 GC heap before
{Heap before GC invocations=4 (full 0):
 garbage-first heap   total 63488K, used 25113K [0x0000000080000000, 0x0000000100000000)
  region size 1024K, 10 young (10240K), 2 survivors (2048K)
 Metaspace       used 20829K, capacity 21228K, committed 21296K, reserved 536576K
  class space    used 2493K, capacity 2684K, committed 2688K, reserved 516096K
}
Event: 12.279 GC heap after
{Heap after GC invocations=5 (full 0):
 garbage-first heap   total 63488K, used 18173K [0x0000000080000000, 0x0000000100000000)
  region size 1024K, 2 young (2048K), 2 survivors (2048K)
 Metaspace       used 20829K, capacity 21228K, committed 21296K, reserved 536576K
  class space    used 2493K, capacity 2684K, committed 2688K, reserved 516096K
}
Event: 13.348 GC heap before
{Heap before GC invocations=6 (full 0):
 garbage-first heap   total 63488K, used 42749K [0x0000000080000000, 0x0000000100000000)
  region size 1024K, 26 young (26624K), 2 survivors (2048K)
 Metaspace       used 23463K, capacity 24052K, committed 24368K, reserved 538624K
  class space    used 2916K, capacity 3138K, committed 3200K, reserved 516096K
}
Event: 13.355 GC heap after
{Heap after GC invocations=7 (full 0):
 garbage-first heap   total 63488K, used 18971K [0x0000000080000000, 0x0000000100000000)
  region size 1024K, 3 young (3072K), 3 survivors (3072K)
 Metaspace       used 23463K, capacity 24052K, committed 24368K, reserved 538624K
  class space    used 2916K, capacity 3138K, committed 3200K, reserved 516096K
}
Event: 15.013 GC heap before
{Heap before GC invocations=7 (full 0):
 garbage-first heap   total 63488K, used 44571K [0x0000000080000000, 0x0000000100000000)
  region size 1024K, 28 young (28672K), 3 survivors (3072K)
 Metaspace       used 25446K, capacity 26074K, committed 26160K, reserved 540672K
  class space    used 3244K, capacity 3450K, committed 3456K, reserved 516096K
}
Event: 15.025 GC heap after
{Heap after GC invocations=8 (full 0):
 garbage-first heap   total 63488K, used 20016K [0x0000000080000000, 0x0000000100000000)
  region size 1024K, 3 young (3072K), 3 survivors (3072K)
 Metaspace       used 25446K, capacity 26074K, committed 26160K, reserved 540672K
  class space    used 3244K, capacity 3450K, committed 3456K, reserved 516096K
}
Event: 15.938 GC heap before
{Heap before GC invocations=8 (full 0):
 garbage-first heap   total 63488K, used 44592K [0x0000000080000000, 0x0000000100000000)
  region size 1024K, 27 young (27648K), 3 survivors (3072K)
 Metaspace       used 27960K, capacity 28641K, committed 28976K, reserved 542720K
  class space    used 3631K, capacity 3885K, committed 3968K, reserved 516096K
}
Event: 15.946 GC heap after
{Heap after GC invocations=9 (full 0):
 garbage-first heap   total 63488K, used 20818K [0x0000000080000000, 0x0000000100000000)
  region size 1024K, 2 young (2048K), 2 survivors (2048K)
 Metaspace       used 27960K, capacity 28641K, committed 28976K, reserved 542720K
  class space    used 3631K, capacity 3885K, committed 3968K, reserved 516096K
}
Event: 16.897 GC heap before
{Heap before GC invocations=9 (full 0):
 garbage-first heap   total 63488K, used 46418K [0x0000000080000000, 0x0000000100000000)
  region size 1024K, 27 young (27648K), 2 survivors (2048K)
 Metaspace       used 30320K, capacity 31103K, committed 31408K, reserved 544768K
  class space    used 3980K, capacity 4281K, committed 4352K, reserved 516096K
}
Event: 16.904 GC heap after
{Heap after GC invocations=10 (full 0):
 garbage-first heap   total 63488K, used 21603K [0x0000000080000000, 0x0000000100000000)
  region size 1024K, 3 young (3072K), 3 survivors (3072K)
 Metaspace       used 30320K, capacity 31103K, committed 31408K, reserved 544768K
  class space    used 3980K, capacity 4281K, committed 4352K, reserved 516096K
}
Event: 18.657 GC heap before
{Heap before GC invocations=10 (full 0):
 garbage-first heap   total 63488K, used 43107K [0x0000000080000000, 0x0000000100000000)
  region size 1024K, 26 young (26624K), 3 survivors (3072K)
 Metaspace       used 34986K, capacity 35826K, committed 35920K, reserved 548864K
  class space    used 4477K, capacity 4814K, committed 4864K, reserved 516096K
}
Event: 18.676 GC heap after
{Heap after GC invocations=11 (full 0):
 garbage-first heap   total 63488K, used 23705K [0x0000000080000000, 0x0000000100000000)
  region size 1024K, 4 young (4096K), 4 survivors (4096K)
 Metaspace       used 34986K, capacity 35826K, committed 35920K, reserved 548864K
  class space    used 4477K, capacity 4814K, committed 4864K, reserved 516096K
}
Event: 19.500 GC heap before
{Heap before GC invocations=12 (full 0):
 garbage-first heap   total 63488K, used 47257K [0x0000000080000000, 0x0000000100000000)
  region size 1024K, 28 young (28672K), 4 survivors (4096K)
 Metaspace       used 37861K, capacity 38836K, committed 39120K, reserved 550912K
  class space    used 4797K, capacity 5156K, committed 5248K, reserved 516096K
}
Event: 19.520 GC heap after
{Heap after GC invocations=13 (full 0):
 garbage-first heap   total 63488K, used 26517K [0x0000000080000000, 0x0000000100000000)
  region size 1024K, 4 young (4096K), 4 survivors (4096K)
 Metaspace       used 37861K, capacity 38836K, committed 39120K, reserved 550912K
  class space    used 4797K, capacity 5156K, committed 5248K, reserved 516096K
}
Event: 20.517 GC heap before
{Heap before GC invocations=14 (full 0):
 garbage-first heap   total 63488K, used 51093K [0x0000000080000000, 0x0000000100000000)
  region size 1024K, 26 young (26624K), 4 survivors (4096K)
 Metaspace       used 40484K, capacity 41469K, committed 41680K, reserved 552960K
  class space    used 5069K, capacity 5434K, committed 5504K, reserved 516096K
}
Event: 20.531 GC heap after
{Heap after GC invocations=15 (full 0):
 garbage-first heap   total 63488K, used 27992K [0x0000000080000000, 0x0000000100000000)
  region size 1024K, 2 young (2048K), 2 survivors (2048K)
 Metaspace       used 40484K, capacity 41469K, committed 41680K, reserved 552960K
  class space    used 5069K, capacity 5434K, committed 5504K, reserved 516096K
}

