# JRE version: OpenJDK Runtime Environment Microsoft-7208460 (11.0.18+10) (build 11.0.18+10-LTS)
# Java VM: OpenJDK 64-Bit Server VM Microsoft-7208460 (11.0.18+10-LTS, mixed mode, tiered, compressed oops, g1 gc, windows-amd64)
Heap:
 garbage-first heap   total 144384K, used 71419K [0x0000000080000000, 0x0000000100000000)
  region size 1024K, 3 young (3072K), 3 survivors (3072K)
 Metaspace       used 84516K, capacity 86952K, committed 87068K, reserved 591872K
  class space    used 10866K, capacity 11900K, committed 11980K, reserved 516096K
GC Heap History (20 events):
Event: 51.776 GC heap after
{Heap after GC invocations=39 (full 0):
 garbage-first heap   total 76800K, used 51808K [0x0000000080000000, 0x0000000100000000)
  region size 1024K, 2 young (2048K), 2 survivors (2048K)
 Metaspace       used 69914K, capacity 71645K, committed 71836K, reserved 579584K
  class space    used 9024K, capacity 9762K, committed 9804K, reserved 516096K
}
Event: 52.259 GC heap before
{Heap before GC invocations=39 (full 0):
 garbage-first heap   total 76800K, used 64096K [0x0000000080000000, 0x0000000100000000)
  region size 1024K, 15 young (15360K), 2 survivors (2048K)
 Metaspace       used 70827K, capacity 72678K, committed 72988K, reserved 579584K
  class space    used 9132K, capacity 9867K, committed 9932K, reserved 516096K
}
Event: 52.267 GC heap after
{Heap after GC invocations=40 (full 0):
 garbage-first heap   total 76800K, used 52755K [0x0000000080000000, 0x0000000100000000)
  region size 1024K, 2 young (2048K), 2 survivors (2048K)
 Metaspace       used 70827K, capacity 72678K, committed 72988K, reserved 579584K
  class space    used 9132K, capacity 9867K, committed 9932K, reserved 516096K
}
Event: 52.803 GC heap before
{Heap before GC invocations=41 (full 0):
 garbage-first heap   total 76800K, used 64019K [0x0000000080000000, 0x0000000100000000)
  region size 1024K, 14 young (14336K), 2 survivors (2048K)
 Metaspace       used 71456K, capacity 73368K, committed 73628K, reserved 581632K
  class space    used 9188K, capacity 10006K, committed 10060K, reserved 516096K
}
Event: 52.815 GC heap after
{Heap after GC invocations=42 (full 0):
 garbage-first heap   total 92160K, used 53360K [0x0000000080000000, 0x0000000100000000)
  region size 1024K, 2 young (2048K), 2 survivors (2048K)
 Metaspace       used 71456K, capacity 73368K, committed 73628K, reserved 581632K
  class space    used 9188K, capacity 10006K, committed 10060K, reserved 516096K
}
Event: 54.047 GC heap before
{Heap before GC invocations=42 (full 0):
 garbage-first heap   total 92160K, used 71792K [0x0000000080000000, 0x0000000100000000)
  region size 1024K, 21 young (21504K), 2 survivors (2048K)
 Metaspace       used 73055K, capacity 75061K, committed 75164K, reserved 581632K
  class space    used 9434K, capacity 10249K, committed 10316K, reserved 516096K
}
Event: 54.057 GC heap after
{Heap after GC invocations=43 (full 0):
 garbage-first heap   total 92160K, used 54219K [0x0000000080000000, 0x0000000100000000)
  region size 1024K, 3 young (3072K), 3 survivors (3072K)
 Metaspace       used 73055K, capacity 75061K, committed 75164K, reserved 581632K
  class space    used 9434K, capacity 10249K, committed 10316K, reserved 516096K
}
Event: 54.662 GC heap before
{Heap before GC invocations=44 (full 0):
 garbage-first heap   total 92160K, used 73675K [0x0000000080000000, 0x0000000100000000)
  region size 1024K, 22 young (22528K), 3 survivors (3072K)
 Metaspace       used 73873K, capacity 75974K, committed 76060K, reserved 583680K
  class space    used 9569K, capacity 10403K, committed 10444K, reserved 516096K
}
Event: 54.674 GC heap after
{Heap after GC invocations=45 (full 0):
 garbage-first heap   total 92160K, used 55331K [0x0000000080000000, 0x0000000100000000)
  region size 1024K, 3 young (3072K), 3 survivors (3072K)
 Metaspace       used 73873K, capacity 75974K, committed 76060K, reserved 583680K
  class space    used 9569K, capacity 10403K, committed 10444K, reserved 516096K
}
Event: 57.530 GC heap before
{Heap before GC invocations=45 (full 0):
 garbage-first heap   total 92160K, used 74787K [0x0000000080000000, 0x0000000100000000)
  region size 1024K, 22 young (22528K), 3 survivors (3072K)
 Metaspace       used 74938K, capacity 76964K, committed 77212K, reserved 583680K
  class space    used 9694K, capacity 10533K, committed 10572K, reserved 516096K
}
Event: 57.552 GC heap after
{Heap after GC invocations=46 (full 0):
 garbage-first heap   total 92160K, used 57006K [0x0000000080000000, 0x0000000100000000)
  region size 1024K, 3 young (3072K), 3 survivors (3072K)
 Metaspace       used 74938K, capacity 76964K, committed 77212K, reserved 583680K
  class space    used 9694K, capacity 10533K, committed 10572K, reserved 516096K
}
Event: 58.442 GC heap before
{Heap before GC invocations=47 (full 0):
 garbage-first heap   total 92160K, used 75438K [0x0000000080000000, 0x0000000100000000)
  region size 1024K, 22 young (22528K), 3 survivors (3072K)
 Metaspace       used 76511K, capacity 78796K, committed 78876K, reserved 585728K
  class space    used 9940K, capacity 10880K, committed 10956K, reserved 516096K
}
Event: 58.464 GC heap after
{Heap after GC invocations=48 (full 0):
 garbage-first heap   total 110592K, used 58617K [0x0000000080000000, 0x0000000100000000)
  region size 1024K, 3 young (3072K), 3 survivors (3072K)
 Metaspace       used 76511K, capacity 78796K, committed 78876K, reserved 585728K
  class space    used 9940K, capacity 10880K, committed 10956K, reserved 516096K
}
Event: 59.850 GC heap before
{Heap before GC invocations=48 (full 0):
 garbage-first heap   total 110592K, used 85241K [0x0000000080000000, 0x0000000100000000)
  region size 1024K, 29 young (29696K), 3 survivors (3072K)
 Metaspace       used 78331K, capacity 80484K, committed 80668K, reserved 585728K
  class space    used 10150K, capacity 11077K, committed 11212K, reserved 516096K
}
Event: 59.915 GC heap after
{Heap after GC invocations=49 (full 0):
 garbage-first heap   total 110592K, used 61045K [0x0000000080000000, 0x0000000100000000)
  region size 1024K, 4 young (4096K), 4 survivors (4096K)
 Metaspace       used 78331K, capacity 80484K, committed 80668K, reserved 585728K
  class space    used 10150K, capacity 11077K, committed 11212K, reserved 516096K
}
Event: 62.365 GC heap before
{Heap before GC invocations=50 (full 0):
 garbage-first heap   total 110592K, used 84597K [0x0000000080000000, 0x0000000100000000)
  region size 1024K, 29 young (29696K), 4 survivors (4096K)
 Metaspace       used 79405K, capacity 81726K, committed 81820K, reserved 587776K
  class space    used 10280K, capacity 11248K, committed 11340K, reserved 516096K
}
Event: 62.396 GC heap after
{Heap after GC invocations=51 (full 0):
 garbage-first heap   total 110592K, used 62602K [0x0000000080000000, 0x0000000100000000)
  region size 1024K, 2 young (2048K), 2 survivors (2048K)
 Metaspace       used 79405K, capacity 81726K, committed 81820K, reserved 587776K
  class space    used 10280K, capacity 11248K, committed 11340K, reserved 516096K
}
Event: 64.416 GC heap before
{Heap before GC invocations=52 (full 0):
 garbage-first heap   total 110592K, used 89226K [0x0000000080000000, 0x0000000100000000)
  region size 1024K, 27 young (27648K), 2 survivors (2048K)
 Metaspace       used 82351K, capacity 84779K, committed 85020K, reserved 589824K
  class space    used 10609K, capacity 11601K, committed 11724K, reserved 516096K
}
Event: 64.450 GC heap after
{Heap after GC invocations=53 (full 0):
 garbage-first heap   total 110592K, used 68371K [0x0000000080000000, 0x0000000100000000)
  region size 1024K, 4 young (4096K), 4 survivors (4096K)
 Metaspace       used 82351K, capacity 84779K, committed 85020K, reserved 589824K
  class space    used 10609K, capacity 11601K, committed 11724K, reserved 516096K
}
Event: 67.038 GC heap before
{Heap before GC invocations=53 (full 0):
 garbage-first heap   total 110592K, used 87827K [0x0000000080000000, 0x0000000100000000)
  region size 1024K, 25 young (25600K), 4 survivors (4096K)
 Metaspace       used 84516K, capacity 86952K, committed 87068K, reserved 591872K
  class space    used 10866K, capacity 11900K, committed 11980K, reserved 516096K
}

